0 info it worked if it ends with ok
1 verbose cli [ 'node', '/usr/local/bin/npm', 'install' ]
2 info using npm@1.3.13
3 info using node@v0.10.24
4 verbose node symlink /usr/bin/node
5 warn package.json no-skeleton.docpad@0.1.0 No repository field.
6 verbose readDependencies using package.json deps
7 verbose install where, deps [ '/home/vm3d/Documentos/UnivUnix-RPi',
7 verbose install   [ 'docpad', 'docpad-plugin-livereload' ] ]
8 info preinstall no-skeleton.docpad@0.1.0
9 verbose readDependencies using package.json deps
10 verbose cache add [ 'docpad@~6.60.3', null ]
11 verbose cache add name=undefined spec="docpad@~6.60.3" args=["docpad@~6.60.3",null]
12 verbose parsed url { protocol: null,
12 verbose parsed url   slashes: null,
12 verbose parsed url   auth: null,
12 verbose parsed url   host: null,
12 verbose parsed url   port: null,
12 verbose parsed url   hostname: null,
12 verbose parsed url   hash: null,
12 verbose parsed url   search: null,
12 verbose parsed url   query: null,
12 verbose parsed url   pathname: 'docpad@~6.60.3',
12 verbose parsed url   path: 'docpad@~6.60.3',
12 verbose parsed url   href: 'docpad@~6.60.3' }
13 verbose cache add name="docpad" spec="~6.60.3" args=["docpad","~6.60.3"]
14 verbose parsed url { protocol: null,
14 verbose parsed url   slashes: null,
14 verbose parsed url   auth: null,
14 verbose parsed url   host: null,
14 verbose parsed url   port: null,
14 verbose parsed url   hostname: null,
14 verbose parsed url   hash: null,
14 verbose parsed url   search: null,
14 verbose parsed url   query: null,
14 verbose parsed url   pathname: '~6.60.3',
14 verbose parsed url   path: '~6.60.3',
14 verbose parsed url   href: '~6.60.3' }
15 verbose addNamed [ 'docpad', '~6.60.3' ]
16 verbose addNamed [ null, '>=6.60.3-0 <6.61.0-0' ]
17 verbose already installed skipping docpad-plugin-livereload@~2.6.0 /home/vm3d/Documentos/UnivUnix-RPi
18 silly lockFile 740fd8c8-docpad-6-60-3 docpad@~6.60.3
19 verbose lock docpad@~6.60.3 /root/.npm/740fd8c8-docpad-6-60-3.lock
20 silly addNameRange { name: 'docpad', range: '>=6.60.3-0 <6.61.0-0', hasData: false }
21 verbose url raw docpad
22 verbose url resolving [ 'https://registry.npmjs.org/', './docpad' ]
23 verbose url resolved https://registry.npmjs.org/docpad
24 info trying registry request attempt 1 at 08:30:30
25 verbose etag "5S9VBXWQLH2EFQO56HUJNH87Q"
26 http GET https://registry.npmjs.org/docpad
27 http 304 https://registry.npmjs.org/docpad
28 silly registry.get cb [ 304,
28 silly registry.get   { date: 'Wed, 12 Feb 2014 07:30:30 GMT',
28 silly registry.get     server: 'Apache',
28 silly registry.get     connection: 'Keep-Alive',
28 silly registry.get     'keep-alive': 'timeout=10, max=50',
28 silly registry.get     etag: '"5S9VBXWQLH2EFQO56HUJNH87Q"',
28 silly registry.get     'cache-control': 'max-age=1',
28 silly registry.get     vary: 'Accept' } ]
29 verbose etag docpad from cache
30 silly addNameRange number 2 { name: 'docpad', range: '>=6.60.3-0 <6.61.0-0', hasData: true }
31 silly addNameRange versions [ 'docpad',
31 silly addNameRange   [ '0.1.0',
31 silly addNameRange     '0.4.0',
31 silly addNameRange     '0.5.0',
31 silly addNameRange     '0.5.1',
31 silly addNameRange     '0.6.0',
31 silly addNameRange     '0.6.1',
31 silly addNameRange     '0.7.0',
31 silly addNameRange     '0.8.0',
31 silly addNameRange     '0.8.1',
31 silly addNameRange     '0.8.3',
31 silly addNameRange     '0.9.0',
31 silly addNameRange     '0.9.1',
31 silly addNameRange     '0.9.2',
31 silly addNameRange     '0.9.3',
31 silly addNameRange     '0.9.4',
31 silly addNameRange     '0.9.5',
31 silly addNameRange     '0.9.6',
31 silly addNameRange     '0.9.7',
31 silly addNameRange     '0.9.8',
31 silly addNameRange     '0.9.9',
31 silly addNameRange     '0.9.10',
31 silly addNameRange     '0.9.11',
31 silly addNameRange     '0.9.12',
31 silly addNameRange     '0.9.13',
31 silly addNameRange     '0.9.14',
31 silly addNameRange     '0.9.15',
31 silly addNameRange     '0.9.16',
31 silly addNameRange     '0.9.17',
31 silly addNameRange     '0.9.18',
31 silly addNameRange     '0.9.19',
31 silly addNameRange     '0.9.20',
31 silly addNameRange     '0.9.21',
31 silly addNameRange     '0.9.22',
31 silly addNameRange     '0.10.0',
31 silly addNameRange     '1.0.0',
31 silly addNameRange     '1.0.1',
31 silly addNameRange     '1.0.2',
31 silly addNameRange     '1.0.3',
31 silly addNameRange     '1.1.1',
31 silly addNameRange     '1.1.2',
31 silly addNameRange     '1.1.3',
31 silly addNameRange     '1.1.4',
31 silly addNameRange     '1.1.6',
31 silly addNameRange     '1.2.0',
31 silly addNameRange     '1.2.1',
31 silly addNameRange     '1.2.2',
31 silly addNameRange     '1.2.3',
31 silly addNameRange     '1.2.4',
31 silly addNameRange     '1.2.5',
31 silly addNameRange     '1.3.0',
31 silly addNameRange     '1.3.1',
31 silly addNameRange     '1.3.2',
31 silly addNameRange     '1.3.3',
31 silly addNameRange     '1.3.5',
31 silly addNameRange     '1.3.6',
31 silly addNameRange     '1.3.7',
31 silly addNameRange     '1.3.8',
31 silly addNameRange     '1.4.0',
31 silly addNameRange     '1.4.1',
31 silly addNameRange     '2.0.0',
31 silly addNameRange     '2.0.1',
31 silly addNameRange     '2.0.2',
31 silly addNameRange     '2.1.0',
31 silly addNameRange     '2.1.1',
31 silly addNameRange     '2.2.0',
31 silly addNameRange     '2.2.1',
31 silly addNameRange     '2.3.0',
31 silly addNameRange     '2.3.1',
31 silly addNameRange     '2.3.2',
31 silly addNameRange     '2.3.3',
31 silly addNameRange     '2.3.4',
31 silly addNameRange     '2.3.5',
31 silly addNameRange     '2.3.6',
31 silly addNameRange     '2.3.7',
31 silly addNameRange     '2.3.8',
31 silly addNameRange     '2.4.0',
31 silly addNameRange     '2.5.0',
31 silly addNameRange     '2.6.0',
31 silly addNameRange     '2.6.1',
31 silly addNameRange     '3.2.0',
31 silly addNameRange     '3.2.1',
31 silly addNameRange     '3.2.2',
31 silly addNameRange     '3.2.3',
31 silly addNameRange     '3.2.4',
31 silly addNameRange     '3.2.5',
31 silly addNameRange     '3.2.6',
31 silly addNameRange     '3.2.7',
31 silly addNameRange     '3.2.8',
31 silly addNameRange     '3.3.0',
31 silly addNameRange     '3.3.1',
31 silly addNameRange     '3.3.2',
31 silly addNameRange     '4.0.0',
31 silly addNameRange     '4.0.1',
31 silly addNameRange     '4.0.2',
31 silly addNameRange     '4.0.3',
31 silly addNameRange     '4.1.0',
31 silly addNameRange     '4.1.1',
31 silly addNameRange     '5.0.0',
31 silly addNameRange     '5.0.1',
31 silly addNameRange     '5.0.2',
31 silly addNameRange     '5.0.3',
31 silly addNameRange     '5.0.4',
31 silly addNameRange     '5.0.5',
31 silly addNameRange     '5.1.0',
31 silly addNameRange     '5.1.1',
31 silly addNameRange     '5.1.2',
31 silly addNameRange     '5.2.0',
31 silly addNameRange     '5.2.1',
31 silly addNameRange     '5.2.2',
31 silly addNameRange     '5.2.3',
31 silly addNameRange     '5.2.4',
31 silly addNameRange     '5.2.5',
31 silly addNameRange     '6.0.0',
31 silly addNameRange     '6.0.2',
31 silly addNameRange     '6.0.3',
31 silly addNameRange     '6.0.4',
31 silly addNameRange     '6.0.5',
31 silly addNameRange     '6.0.6',
31 silly addNameRange     '6.0.7',
31 silly addNameRange     '6.0.8',
31 silly addNameRange     '6.0.9',
31 silly addNameRange     '6.0.10',
31 silly addNameRange     '6.0.11',
31 silly addNameRange     '6.0.12',
31 silly addNameRange     '6.0.13',
31 silly addNameRange     '6.0.14',
31 silly addNameRange     '6.1.0',
31 silly addNameRange     '6.1.2',
31 silly addNameRange     '6.1.3',
31 silly addNameRange     '6.2.0',
31 silly addNameRange     '6.3.0',
31 silly addNameRange     '6.3.1',
31 silly addNameRange     '6.3.2',
31 silly addNameRange     '6.3.3',
31 silly addNameRange     '6.4.0',
31 silly addNameRange     '6.4.1',
31 silly addNameRange     '6.4.2',
31 silly addNameRange     '6.5.0-dev',
31 silly addNameRange     '6.5.1-dev',
31 silly addNameRange     '6.5.2-dev',
31 silly addNameRange     '6.5.3-dev',
31 silly addNameRange     '6.5.4',
31 silly addNameRange     '6.5.5',
31 silly addNameRange     '6.5.6',
31 silly addNameRange     '6.5.7',
31 silly addNameRange     '6.6.1',
31 silly addNameRange     '6.6.2',
31 silly addNameRange     '6.6.3',
31 silly addNameRange     '6.6.4',
31 silly addNameRange     '6.6.5',
31 silly addNameRange     '6.6.6',
31 silly addNameRange     '6.6.7',
31 silly addNameRange     '6.6.8',
31 silly addNameRange     '6.7.0',
31 silly addNameRange     '6.7.1',
31 silly addNameRange     '6.7.2',
31 silly addNameRange     '6.7.3',
31 silly addNameRange     '6.7.4',
31 silly addNameRange     '6.8.0',
31 silly addNameRange     '6.8.1',
31 silly addNameRange     '6.8.2',
31 silly addNameRange     '6.8.3',
31 silly addNameRange     '6.8.4',
31 silly addNameRange     '6.9.0',
31 silly addNameRange     '6.9.1',
31 silly addNameRange     '6.9.2',
31 silly addNameRange     '6.10.0',
31 silly addNameRange     '6.11.0',
31 silly addNameRange     '6.11.1',
31 silly addNameRange     '6.12.0',
31 silly addNameRange     '6.12.1',
31 silly addNameRange     '6.13.0',
31 silly addNameRange     '6.13.1',
31 silly addNameRange     '6.13.2',
31 silly addNameRange     '6.13.3',
31 silly addNameRange     '6.13.4',
31 silly addNameRange     '6.14.0',
31 silly addNameRange     '6.15.0',
31 silly addNameRange     '6.16.0',
31 silly addNameRange     '6.17.0',
31 silly addNameRange     '6.17.1',
31 silly addNameRange     '6.17.2',
31 silly addNameRange     '6.17.3',
31 silly addNameRange     '6.18.0',
31 silly addNameRange     '6.19.0',
31 silly addNameRange     '6.20.0',
31 silly addNameRange     '6.20.1',
31 silly addNameRange     '6.21.0',
31 silly addNameRange     '6.21.1',
31 silly addNameRange     '6.21.2',
31 silly addNameRange     '6.21.3',
31 silly addNameRange     '6.21.4',
31 silly addNameRange     '6.21.5',
31 silly addNameRange     '6.21.6',
31 silly addNameRange     '6.21.7',
31 silly addNameRange     '6.21.8',
31 silly addNameRange     '6.21.9',
31 silly addNameRange     '6.21.10',
31 silly addNameRange     '6.22.0',
31 silly addNameRange     '6.23.0',
31 silly addNameRange     '6.24.0',
31 silly addNameRange     '6.24.1',
31 silly addNameRange     '6.24.2',
31 silly addNameRange     '6.25.0',
31 silly addNameRange     '6.26.0',
31 silly addNameRange     '6.26.1',
31 silly addNameRange     '6.26.2',
31 silly addNameRange     '6.27.0',
31 silly addNameRange     '6.28.0',
31 silly addNameRange     '6.29.0',
31 silly addNameRange     '6.30.0',
31 silly addNameRange     '6.30.1',
31 silly addNameRange     '6.30.2',
31 silly addNameRange     '6.30.3',
31 silly addNameRange     '6.30.4',
31 silly addNameRange     '6.30.5',
31 silly addNameRange     '6.31.0',
31 silly addNameRange     '6.31.1',
31 silly addNameRange     '6.31.2',
31 silly addNameRange     '6.31.3',
31 silly addNameRange     '6.31.4',
31 silly addNameRange     '6.31.5',
31 silly addNameRange     '6.31.6',
31 silly addNameRange     '6.32.0',
31 silly addNameRange     '6.33.0',
31 silly addNameRange     '6.34.0',
31 silly addNameRange     '6.34.1',
31 silly addNameRange     '6.34.2',
31 silly addNameRange     '6.35.0',
31 silly addNameRange     '6.36.0',
31 silly addNameRange     '6.36.1',
31 silly addNameRange     '6.36.2',
31 silly addNameRange     '6.37.0',
31 silly addNameRange     '6.37.1',
31 silly addNameRange     '6.38.0',
31 silly addNameRange     '6.38.1',
31 silly addNameRange     '6.39.0',
31 silly addNameRange     '6.40.0',
31 silly addNameRange     '6.41.0',
31 silly addNameRange     '6.42.0',
31 silly addNameRange     '6.42.1',
31 silly addNameRange     '6.42.2',
31 silly addNameRange     '6.42.3',
31 silly addNameRange     '6.43.0',
31 silly addNameRange     '6.43.1',
31 silly addNameRange     '6.43.2',
31 silly addNameRange     '6.44.0',
31 silly addNameRange     '6.45.0',
31 silly addNameRange     '6.45.1',
31 silly addNameRange     '6.46.0',
31 silly addNameRange     '6.46.1',
31 silly addNameRange     '6.46.2',
31 silly addNameRange     '6.46.3',
31 silly addNameRange     '6.46.4',
31 silly addNameRange     '6.46.5',
31 silly addNameRange     '6.47.0',
31 silly addNameRange     '6.48.0',
31 silly addNameRange     '6.48.1',
31 silly addNameRange     '6.49.0',
31 silly addNameRange     '6.49.1',
31 silly addNameRange     '6.49.2',
31 silly addNameRange     '6.50.0',
31 silly addNameRange     '6.50.1',
31 silly addNameRange     '6.51.0',
31 silly addNameRange     '6.51.1',
31 silly addNameRange     '6.51.2',
31 silly addNameRange     '6.51.3',
31 silly addNameRange     '6.51.4',
31 silly addNameRange     '6.51.5',
31 silly addNameRange     '6.51.6',
31 silly addNameRange     '6.52.0',
31 silly addNameRange     '6.52.1',
31 silly addNameRange     '6.52.2',
31 silly addNameRange     '6.53.0',
31 silly addNameRange     '6.53.1',
31 silly addNameRange     '6.53.2',
31 silly addNameRange     '6.53.3',
31 silly addNameRange     '6.53.4',
31 silly addNameRange     '6.54.0',
31 silly addNameRange     '6.54.1',
31 silly addNameRange     '6.54.2',
31 silly addNameRange     '6.54.3',
31 silly addNameRange     '6.54.4',
31 silly addNameRange     '6.54.5',
31 silly addNameRange     '6.54.6',
31 silly addNameRange     '6.54.7',
31 silly addNameRange     '6.54.8',
31 silly addNameRange     '6.54.9',
31 silly addNameRange     '6.54.10',
31 silly addNameRange     '6.55.0',
31 silly addNameRange     '6.55.1',
31 silly addNameRange     '6.55.2',
31 silly addNameRange     '6.55.3',
31 silly addNameRange     '6.55.4',
31 silly addNameRange     '6.55.5',
31 silly addNameRange     '6.55.6',
31 silly addNameRange     '6.63.3' ] ]
32 silly lockFile 740fd8c8-docpad-6-60-3 docpad@~6.60.3
33 silly lockFile 740fd8c8-docpad-6-60-3 docpad@~6.60.3
34 error Error: No compatible version found: docpad@'>=6.60.3-0 <6.61.0-0'
34 error Valid install targets:
34 error ["0.1.0","0.4.0","0.5.0","0.5.1","0.6.0","0.6.1","0.7.0","0.8.0","0.8.1","0.8.3","0.9.0","0.9.1","0.9.2","0.9.3","0.9.4","0.9.5","0.9.6","0.9.7","0.9.8","0.9.9","0.9.10","0.9.11","0.9.12","0.9.13","0.9.14","0.9.15","0.9.16","0.9.17","0.9.18","0.9.19","0.9.20","0.9.21","0.9.22","0.10.0","1.0.0","1.0.1","1.0.2","1.0.3","1.1.1","1.1.2","1.1.3","1.1.4","1.1.6","1.2.0","1.2.1","1.2.2","1.2.3","1.2.4","1.2.5","1.3.0","1.3.1","1.3.2","1.3.3","1.3.5","1.3.6","1.3.7","1.3.8","1.4.0","1.4.1","2.0.0","2.0.1","2.0.2","2.1.0","2.1.1","2.2.0","2.2.1","2.3.0","2.3.1","2.3.2","2.3.3","2.3.4","2.3.5","2.3.6","2.3.7","2.3.8","2.4.0","2.5.0","2.6.0","2.6.1","3.2.0","3.2.1","3.2.2","3.2.3","3.2.4","3.2.5","3.2.6","3.2.7","3.2.8","3.3.0","3.3.1","3.3.2","4.0.0","4.0.1","4.0.2","4.0.3","4.1.0","4.1.1","5.0.0","5.0.1","5.0.2","5.0.3","5.0.4","5.0.5","5.1.0","5.1.1","5.1.2","5.2.0","5.2.1","5.2.2","5.2.3","5.2.4","5.2.5","6.0.0","6.0.2","6.0.3","6.0.4","6.0.5","6.0.6","6.0.7","6.0.8","6.0.9","6.0.10","6.0.11","6.0.12","6.0.13","6.0.14","6.1.0","6.1.2","6.1.3","6.2.0","6.3.0","6.3.1","6.3.2","6.3.3","6.4.0","6.4.1","6.4.2","6.5.0-dev","6.5.1-dev","6.5.2-dev","6.5.3-dev","6.5.4","6.5.5","6.5.6","6.5.7","6.6.1","6.6.2","6.6.3","6.6.4","6.6.5","6.6.6","6.6.7","6.6.8","6.7.0","6.7.1","6.7.2","6.7.3","6.7.4","6.8.0","6.8.1","6.8.2","6.8.3","6.8.4","6.9.0","6.9.1","6.9.2","6.10.0","6.11.0","6.11.1","6.12.0","6.12.1","6.13.0","6.13.1","6.13.2","6.13.3","6.13.4","6.14.0","6.15.0","6.16.0","6.17.0","6.17.1","6.17.2","6.17.3","6.18.0","6.19.0","6.20.0","6.20.1","6.21.0","6.21.1","6.21.2","6.21.3","6.21.4","6.21.5","6.21.6","6.21.7","6.21.8","6.21.9","6.21.10","6.22.0","6.23.0","6.24.0","6.24.1","6.24.2","6.25.0","6.26.0","6.26.1","6.26.2","6.27.0","6.28.0","6.29.0","6.30.0","6.30.1","6.30.2","6.30.3","6.30.4","6.30.5","6.31.0","6.31.1","6.31.2","6.31.3","6.31.4","6.31.5","6.31.6","6.32.0","6.33.0","6.34.0","6.34.1","6.34.2","6.35.0","6.36.0","6.36.1","6.36.2","6.37.0","6.37.1","6.38.0","6.38.1","6.39.0","6.40.0","6.41.0","6.42.0","6.42.1","6.42.2","6.42.3","6.43.0","6.43.1","6.43.2","6.44.0","6.45.0","6.45.1","6.46.0","6.46.1","6.46.2","6.46.3","6.46.4","6.46.5","6.47.0","6.48.0","6.48.1","6.49.0","6.49.1","6.49.2","6.50.0","6.50.1","6.51.0","6.51.1","6.51.2","6.51.3","6.51.4","6.51.5","6.51.6","6.52.0","6.52.1","6.52.2","6.53.0","6.53.1","6.53.2","6.53.3","6.53.4","6.54.0","6.54.1","6.54.2","6.54.3","6.54.4","6.54.5","6.54.6","6.54.7","6.54.8","6.54.9","6.54.10","6.55.0","6.55.1","6.55.2","6.55.3","6.55.4","6.55.5","6.55.6","6.63.3"]
34 error     at installTargetsError (/usr/local/lib/node_modules/npm/lib/cache.js:719:10)
34 error     at next (/usr/local/lib/node_modules/npm/lib/cache.js:698:17)
34 error     at /usr/local/lib/node_modules/npm/lib/cache.js:675:5
34 error     at saved (/usr/local/lib/node_modules/npm/node_modules/npm-registry-client/lib/get.js:142:7)
34 error     at /usr/local/lib/node_modules/npm/node_modules/graceful-fs/polyfills.js:133:7
34 error     at Object.oncomplete (fs.js:107:15)
35 error If you need help, you may report this log at:
35 error     <http://github.com/isaacs/npm/issues>
35 error or email it to:
35 error     <npm-@googlegroups.com>
36 error System Linux 3.12-1-amd64
37 error command "node" "/usr/local/bin/npm" "install"
38 error cwd /home/vm3d/Documentos/UnivUnix-RPi
39 error node -v v0.10.24
40 error npm -v 1.3.13
41 verbose exit [ 1, true ]
